<?xml version="1.0" encoding="UTF-8"?>
<!-- Generated by org.testng.reporters.JUnitXMLReporter -->
<testsuite hostname="AR-IT09895.lan" ignored="0" name="ApplicationX Test Cases" tests="4" failures="0" timestamp="28 Mar 2019 18:59:08 GMT" time="26.539" errors="0">
  <testcase name="loginPageTitleTest" time="0.009" classname="com.applicationx.qa.testcases.logintests.LoginPageTest"/>
  <testcase name="crmLogoImageTest" time="0.033" classname="com.applicationx.qa.testcases.logintests.LoginPageTest"/>
  <testcase name="loginTest" time="3.61" classname="com.applicationx.qa.testcases.logintests.LoginPageTest"/>
  <testcase name="Verify_LoginButtonDisplayed" time="0.027" classname="com.applicationx.qa.testcases.logintests.LoginPageTest"/>
</testsuite> <!-- ApplicationX Test Cases -->
