<?xml version="1.0" encoding="UTF-8"?>
<!-- Generated by org.testng.reporters.JUnitXMLReporter -->
<testsuite hostname="AR-IT09895.lan" ignored="0" name="Free CRM App Test Cases" tests="3" failures="0" timestamp="25 Mar 2019 13:54:45 GMT" time="21.701" errors="0">
  <testcase name="loginPageTitleTest" time="0.011" classname="com.applicationx.qa.testcases.LoginPageTest"/>
  <testcase name="crmLogoImageTest" time="0.032" classname="com.applicationx.qa.testcases.LoginPageTest"/>
  <testcase name="loginTest" time="4.594" classname="com.applicationx.qa.testcases.LoginPageTest"/>
</testsuite> <!-- Free CRM App Test Cases -->
