<?xml version="1.0" encoding="UTF-8"?>
<!-- Generated by org.testng.reporters.JUnitXMLReporter -->
<testsuite hostname="AR-IT09895.lan" ignored="0" name="Free CRM App Test Cases" tests="3" failures="0" timestamp="25 Mar 2019 14:23:19 GMT" time="26.27" errors="0">
  <testcase name="loginPageTitleTest" time="0.011" classname="com.applicationx.qa.testcases.LoginPageTest"/>
  <testcase name="crmLogoImageTest" time="0.033" classname="com.applicationx.qa.testcases.LoginPageTest"/>
  <testcase name="loginTest" time="5.771" classname="com.applicationx.qa.testcases.LoginPageTest"/>
</testsuite> <!-- Free CRM App Test Cases -->
