<?xml version="1.0" encoding="UTF-8"?>
<!-- Generated by org.testng.reporters.JUnitXMLReporter -->
<testsuite hostname="AR-IT09895.local" ignored="0" name="LoginPage Test Cases" tests="4" failures="0" timestamp="01 Apr 2019 12:42:40 GMT" time="25.794" errors="0">
  <testcase name="loginPage_TitleIsDisplayed" time="0.009" classname="com.applicationx.qa.testcases.logintests.LoginPageTest"/>
  <testcase name="loginPage_CrmLogoImageIsDisplayed" time="0.031" classname="com.applicationx.qa.testcases.logintests.LoginPageTest"/>
  <testcase name="loginPage_SuccessReturnsHomePage" time="3.72" classname="com.applicationx.qa.testcases.logintests.LoginPageTest"/>
  <testcase name="LoginPage_LoginButtonDisplayed" time="0.028" classname="com.applicationx.qa.testcases.logintests.LoginPageTest"/>
</testsuite> <!-- LoginPage Test Cases -->
