<?xml version="1.0" encoding="UTF-8"?>
<testng-results skipped="0" failed="0" ignored="0" total="1" passed="1">
  <reporter-output>
  </reporter-output>
  <suite name="Default suite" duration-ms="12205" started-at="2019-04-02T21:40:01Z" finished-at="2019-04-02T21:40:13Z">
    <groups>
    </groups>
    <test name="Default test" duration-ms="12205" started-at="2019-04-02T21:40:01Z" finished-at="2019-04-02T21:40:13Z">
      <class name="com.applicationx.qa.landingpage.LandingPageTest">
        <test-method status="PASS" signature="setUp()[pri:0, instance:com.applicationx.qa.landingpage.LandingPageTest@1e88b3c]" name="setUp" is-config="true" duration-ms="6979" started-at="2019-04-02T18:40:01Z" finished-at="2019-04-02T18:40:08Z">
          <reporter-output>
          </reporter-output>
        </test-method> <!-- setUp -->
        <test-method status="PASS" signature="verifySelectCountry()[pri:1, instance:com.applicationx.qa.landingpage.LandingPageTest@1e88b3c]" name="verifySelectCountry" duration-ms="5116" started-at="2019-04-02T18:40:08Z" finished-at="2019-04-02T18:40:13Z">
          <reporter-output>
          </reporter-output>
        </test-method> <!-- verifySelectCountry -->
        <test-method status="PASS" signature="tearDown()[pri:0, instance:com.applicationx.qa.landingpage.LandingPageTest@1e88b3c]" name="tearDown" is-config="true" duration-ms="94" started-at="2019-04-02T18:40:13Z" finished-at="2019-04-02T18:40:13Z">
          <reporter-output>
          </reporter-output>
        </test-method> <!-- tearDown -->
      </class> <!-- com.applicationx.qa.landingpage.LandingPageTest -->
    </test> <!-- Default test -->
  </suite> <!-- Default suite -->
</testng-results>
